# JRE version: OpenJDK Runtime Environment (17.0.9) (build 17.0.9+0--11185874)
# Java VM: OpenJDK 64-Bit Server VM (17.0.9+0--11185874, mixed mode, tiered, compressed oops, compressed class ptrs, g1 gc, windows-amd64)
GC Precious Log:
 CPUs: 12 total, 12 available
 Memory: 15754M
 Large Page Support: Disabled
 NUMA Support: Disabled
 Compressed Oops: Enabled (32-bit)
 Heap Region Size: 1M
 Heap Min Capacity: 8M
 Heap Initial Capacity: 248M
 Heap Max Capacity: 2G
 Pre-touch: Disabled
 Parallel Workers: 10
 Concurrent Workers: 3
 Concurrent Refinement Workers: 10
 Periodic GC: Disabled
Heap:
 garbage-first heap   total 188416K, used 154480K [0x0000000080000000, 0x0000000100000000)
  region size 1024K, 22 young (22528K), 7 survivors (7168K)
 Metaspace       used 109720K, committed 110656K, reserved 1179648K
  class space    used 14678K, committed 15168K, reserved 1048576K
GC Heap History (20 events):
Event: 191.709 GC heap before
{Heap before GC invocations=49 (full 0):
 garbage-first heap   total 171008K, used 141839K [0x0000000080000000, 0x0000000100000000)
  region size 1024K, 51 young (52224K), 4 survivors (4096K)
 Metaspace       used 105346K, committed 106112K, reserved 1179648K
  class space    used 14164K, committed 14528K, reserved 1048576K
}
Event: 191.711 GC heap after
{Heap after GC invocations=50 (full 0):
 garbage-first heap   total 171008K, used 91447K [0x0000000080000000, 0x0000000100000000)
  region size 1024K, 2 young (2048K), 2 survivors (2048K)
 Metaspace       used 105346K, committed 106112K, reserved 1179648K
  class space    used 14164K, committed 14528K, reserved 1048576K
}
Event: 191.731 GC heap before
{Heap before GC invocations=50 (full 0):
 garbage-first heap   total 171008K, used 97591K [0x0000000080000000, 0x0000000100000000)
  region size 1024K, 8 young (8192K), 2 survivors (2048K)
 Metaspace       used 105357K, committed 106112K, reserved 1179648K
  class space    used 14165K, committed 14528K, reserved 1048576K
}
Event: 191.735 GC heap after
{Heap after GC invocations=51 (full 0):
 garbage-first heap   total 171008K, used 86341K [0x0000000080000000, 0x0000000100000000)
  region size 1024K, 1 young (1024K), 1 survivors (1024K)
 Metaspace       used 105357K, committed 106112K, reserved 1179648K
  class space    used 14165K, committed 14528K, reserved 1048576K
}
Event: 192.136 GC heap before
{Heap before GC invocations=51 (full 0):
 garbage-first heap   total 171008K, used 142661K [0x0000000080000000, 0x0000000100000000)
  region size 1024K, 57 young (58368K), 1 survivors (1024K)
 Metaspace       used 105741K, committed 106560K, reserved 1179648K
  class space    used 14186K, committed 14592K, reserved 1048576K
}
Event: 192.140 GC heap after
{Heap after GC invocations=52 (full 0):
 garbage-first heap   total 171008K, used 93176K [0x0000000080000000, 0x0000000100000000)
  region size 1024K, 8 young (8192K), 8 survivors (8192K)
 Metaspace       used 105741K, committed 106560K, reserved 1179648K
  class space    used 14186K, committed 14592K, reserved 1048576K
}
Event: 193.142 GC heap before
{Heap before GC invocations=53 (full 0):
 garbage-first heap   total 171008K, used 149496K [0x0000000080000000, 0x0000000100000000)
  region size 1024K, 48 young (49152K), 8 survivors (8192K)
 Metaspace       used 108125K, committed 108928K, reserved 1179648K
  class space    used 14519K, committed 14912K, reserved 1048576K
}
Event: 193.147 GC heap after
{Heap after GC invocations=54 (full 0):
 garbage-first heap   total 171008K, used 110854K [0x0000000080000000, 0x0000000100000000)
  region size 1024K, 5 young (5120K), 5 survivors (5120K)
 Metaspace       used 108125K, committed 108928K, reserved 1179648K
  class space    used 14519K, committed 14912K, reserved 1048576K
}
Event: 193.325 GC heap before
{Heap before GC invocations=54 (full 0):
 garbage-first heap   total 171008K, used 125190K [0x0000000080000000, 0x0000000100000000)
  region size 1024K, 8 young (8192K), 5 survivors (5120K)
 Metaspace       used 108350K, committed 109120K, reserved 1179648K
  class space    used 14540K, committed 14912K, reserved 1048576K
}
Event: 193.328 GC heap after
{Heap after GC invocations=55 (full 0):
 garbage-first heap   total 171008K, used 98410K [0x0000000080000000, 0x0000000100000000)
  region size 1024K, 1 young (1024K), 1 survivors (1024K)
 Metaspace       used 108350K, committed 109120K, reserved 1179648K
  class space    used 14540K, committed 14912K, reserved 1048576K
}
Event: 193.363 GC heap before
{Heap before GC invocations=55 (full 0):
 garbage-first heap   total 171008K, used 99434K [0x0000000080000000, 0x0000000100000000)
  region size 1024K, 3 young (3072K), 1 survivors (1024K)
 Metaspace       used 108482K, committed 109376K, reserved 1179648K
  class space    used 14560K, committed 14976K, reserved 1048576K
}
Event: 193.364 GC heap after
{Heap after GC invocations=56 (full 0):
 garbage-first heap   total 171008K, used 97840K [0x0000000080000000, 0x0000000100000000)
  region size 1024K, 1 young (1024K), 1 survivors (1024K)
 Metaspace       used 108482K, committed 109376K, reserved 1179648K
  class space    used 14560K, committed 14976K, reserved 1048576K
}
Event: 243.778 GC heap before
{Heap before GC invocations=57 (full 0):
 garbage-first heap   total 188416K, used 152112K [0x0000000080000000, 0x0000000100000000)
  region size 1024K, 44 young (45056K), 1 survivors (1024K)
 Metaspace       used 109098K, committed 110016K, reserved 1179648K
  class space    used 14637K, committed 15104K, reserved 1048576K
}
Event: 243.780 GC heap after
{Heap after GC invocations=58 (full 0):
 garbage-first heap   total 188416K, used 99963K [0x0000000080000000, 0x0000000100000000)
  region size 1024K, 4 young (4096K), 4 survivors (4096K)
 Metaspace       used 109098K, committed 110016K, reserved 1179648K
  class space    used 14637K, committed 15104K, reserved 1048576K
}
Event: 243.839 GC heap before
{Heap before GC invocations=58 (full 0):
 garbage-first heap   total 188416K, used 105083K [0x0000000080000000, 0x0000000100000000)
  region size 1024K, 9 young (9216K), 4 survivors (4096K)
 Metaspace       used 109159K, committed 110080K, reserved 1179648K
  class space    used 14639K, committed 15104K, reserved 1048576K
}
Event: 243.843 GC heap after
{Heap after GC invocations=59 (full 0):
 garbage-first heap   total 188416K, used 100331K [0x0000000080000000, 0x0000000100000000)
  region size 1024K, 2 young (2048K), 2 survivors (2048K)
 Metaspace       used 109159K, committed 110080K, reserved 1179648K
  class space    used 14639K, committed 15104K, reserved 1048576K
}
Event: 288.046 GC heap before
{Heap before GC invocations=59 (full 0):
 garbage-first heap   total 188416K, used 154603K [0x0000000080000000, 0x0000000100000000)
  region size 1024K, 56 young (57344K), 2 survivors (2048K)
 Metaspace       used 109510K, committed 110464K, reserved 1179648K
  class space    used 14675K, committed 15168K, reserved 1048576K
}
Event: 288.049 GC heap after
{Heap after GC invocations=60 (full 0):
 garbage-first heap   total 188416K, used 104945K [0x0000000080000000, 0x0000000100000000)
  region size 1024K, 6 young (6144K), 6 survivors (6144K)
 Metaspace       used 109510K, committed 110464K, reserved 1179648K
  class space    used 14675K, committed 15168K, reserved 1048576K
}
Event: 288.452 GC heap before
{Heap before GC invocations=60 (full 0):
 garbage-first heap   total 188416K, used 156145K [0x0000000080000000, 0x0000000100000000)
  region size 1024K, 56 young (57344K), 6 survivors (6144K)
 Metaspace       used 109686K, committed 110656K, reserved 1179648K
  class space    used 14676K, committed 15168K, reserved 1048576K
}
Event: 288.457 GC heap after
{Heap after GC invocations=61 (full 0):
 garbage-first heap   total 188416K, used 111472K [0x0000000080000000, 0x0000000100000000)
  region size 1024K, 7 young (7168K), 7 survivors (7168K)
 Metaspace       used 109686K, committed 110656K, reserved 1179648K
  class space    used 14676K, committed 15168K, reserved 1048576K
}

